[      36ms] [INFO] %cDownload the React DevTools for a better development experience: https://react.dev/link/react-devtools font-weight:bold @ http://localhost:5173/node_modules/.vite/deps/react-dom_client.js?v=12520bd2:20102
[ 2320673ms] [INFO] %cDownload the React DevTools for a better development experience: https://react.dev/link/react-devtools font-weight:bold @ http://localhost:5173/node_modules/.vite/deps/react-dom_client.js?v=12520bd2:20102
[ 2332793ms] [ERROR] Access to XMLHttpRequest at 'http://localhost:8000/api/jogo/438ffc43-351f-4abd-a673-70a33455ed45/mover' from origin 'http://localhost:5173' has been blocked by CORS policy: No 'Access-Control-Allow-Origin' header is present on the requested resource. @ http://localhost:5173/:0
[ 2332793ms] [ERROR] AxiosError: Network Error
    at XMLHttpRequest.handleError (http://localhost:5173/node_modules/.vite/deps/axios.js?v=1825e7c7:1777:19)
    at Axios.request (http://localhost:5173/node_modules/.vite/deps/axios.js?v=1825e7c7:2398:41)
    at async Object.moverCarta (http://localhost:5173/src/servicos/apiJogo.ts?t=1776812130959:28:22)
    at async executarMovimento (http://localhost:5173/src/components/painelJogo/MesaJogo.tsx?t=1776814009346:32:22) @ http://localhost:5173/src/components/painelJogo/MesaJogo.tsx?t=1776814009346:47
[ 2332793ms] [ERROR] Failed to load resource: net::ERR_FAILED @ http://localhost:8000/api/jogo/438ffc43-351f-4abd-a673-70a33455ed45/mover:0
[ 2334517ms] [WARNING] Jogada inválida: Apenas um Ás pode iniciar uma pilha. @ http://localhost:5173/src/components/painelJogo/MesaJogo.tsx?t=1776814009346:43
[ 2334517ms] [LOG] Streak: erro Sequência quebrada. Tente novamente. @ http://localhost:5173/src/App.tsx?t=1776814525461:63
[ 2340326ms] [WARNING] Jogada inválida: Apenas um Ás pode iniciar uma pilha. @ http://localhost:5173/src/components/painelJogo/MesaJogo.tsx?t=1776814009346:43
[ 2340326ms] [LOG] Streak: erro Sequência quebrada. Tente novamente. @ http://localhost:5173/src/App.tsx?t=1776814525461:63
[ 2343968ms] [WARNING] Jogada inválida: Apenas um Ás pode iniciar uma pilha. @ http://localhost:5173/src/components/painelJogo/MesaJogo.tsx?t=1776814009346:43
[ 2343968ms] [LOG] Streak: erro Sequência quebrada. Tente novamente. @ http://localhost:5173/src/App.tsx?t=1776814525461:63
[ 2345351ms] [WARNING] Jogada inválida: Apenas um Ás pode iniciar uma pilha. @ http://localhost:5173/src/components/painelJogo/MesaJogo.tsx?t=1776814009346:43
[ 2345351ms] [LOG] Streak: erro Sequência quebrada. Tente novamente. @ http://localhost:5173/src/App.tsx?t=1776814525461:63
[ 2347394ms] [WARNING] Jogada inválida: Apenas um Ás pode iniciar uma pilha. @ http://localhost:5173/src/components/painelJogo/MesaJogo.tsx?t=1776814009346:43
[ 2347394ms] [LOG] Streak: erro Sequência quebrada. Tente novamente. @ http://localhost:5173/src/App.tsx?t=1776814525461:63
[ 2361641ms] [WARNING] Jogada inválida: A carta deve ser exatamente 1 número menor que a última. @ http://localhost:5173/src/components/painelJogo/MesaJogo.tsx?t=1776814009346:43
[ 2361641ms] [LOG] Streak: erro Sequência quebrada. Tente novamente. @ http://localhost:5173/src/App.tsx?t=1776814525461:63
[ 2365458ms] [WARNING] Jogada inválida: Índice de corte inválido. @ http://localhost:5173/src/components/painelJogo/MesaJogo.tsx?t=1776814009346:43
[ 2365458ms] [LOG] Streak: erro Sequência quebrada. Tente novamente. @ http://localhost:5173/src/App.tsx?t=1776814525461:63
[ 2369478ms] [WARNING] Jogada inválida: A carta deve ser exatamente 1 número menor que a última. @ http://localhost:5173/src/components/painelJogo/MesaJogo.tsx?t=1776814009346:43
[ 2369478ms] [LOG] Streak: erro Sequência quebrada. Tente novamente. @ http://localhost:5173/src/App.tsx?t=1776814525461:63
[ 2371962ms] [WARNING] Jogada inválida: Índice de corte inválido. @ http://localhost:5173/src/components/painelJogo/MesaJogo.tsx?t=1776814009346:43
[ 2371962ms] [LOG] Streak: erro Sequência quebrada. Tente novamente. @ http://localhost:5173/src/App.tsx?t=1776814525461:63
[ 2378992ms] [WARNING] Jogada inválida: Índice de corte inválido. @ http://localhost:5173/src/components/painelJogo/MesaJogo.tsx?t=1776814009346:43
[ 2378992ms] [LOG] Streak: erro Sequência quebrada. Tente novamente. @ http://localhost:5173/src/App.tsx?t=1776814525461:63
[ 2385886ms] [WARNING] Jogada inválida: A carta deve ter o mesmo naipe da pilha. @ http://localhost:5173/src/components/painelJogo/MesaJogo.tsx?t=1776814009346:43
[ 2385886ms] [LOG] Streak: erro Sequência quebrada. Tente novamente. @ http://localhost:5173/src/App.tsx?t=1776814525461:63
[ 2390189ms] [WARNING] Jogada inválida: Índice de corte inválido. @ http://localhost:5173/src/components/painelJogo/MesaJogo.tsx?t=1776814009346:43
[ 2390189ms] [LOG] Streak: erro Sequência quebrada. Tente novamente. @ http://localhost:5173/src/App.tsx?t=1776814525461:63
[ 2398508ms] [WARNING] Jogada inválida: A carta deve ter o mesmo naipe da pilha. @ http://localhost:5173/src/components/painelJogo/MesaJogo.tsx?t=1776814009346:43
[ 2398509ms] [LOG] Streak: erro Sequência quebrada. Tente novamente. @ http://localhost:5173/src/App.tsx?t=1776814525461:63
[ 2401318ms] [WARNING] Jogada inválida: A carta deve ter o mesmo naipe da pilha. @ http://localhost:5173/src/components/painelJogo/MesaJogo.tsx?t=1776814009346:43
[ 2401318ms] [LOG] Streak: erro Sequência quebrada. Tente novamente. @ http://localhost:5173/src/App.tsx?t=1776814525461:63
[ 2404487ms] [WARNING] Jogada inválida: Apenas um Ás pode iniciar uma pilha. @ http://localhost:5173/src/components/painelJogo/MesaJogo.tsx?t=1776814009346:43
[ 2404487ms] [LOG] Streak: erro Sequência quebrada. Tente novamente. @ http://localhost:5173/src/App.tsx?t=1776814525461:63
[ 2411210ms] [INFO] %cDownload the React DevTools for a better development experience: https://react.dev/link/react-devtools font-weight:bold @ http://localhost:5173/node_modules/.vite/deps/react-dom_client.js?v=12520bd2:20102
[ 2420948ms] [ERROR] Access to XMLHttpRequest at 'http://localhost:8000/api/jogo/789613c4-518a-4185-8590-72c19fe7931c/mover' from origin 'http://localhost:5173' has been blocked by CORS policy: No 'Access-Control-Allow-Origin' header is present on the requested resource. @ http://localhost:5173/:0
[ 2420948ms] [ERROR] AxiosError: Network Error
    at XMLHttpRequest.handleError (http://localhost:5173/node_modules/.vite/deps/axios.js?v=1825e7c7:1777:19)
    at Axios.request (http://localhost:5173/node_modules/.vite/deps/axios.js?v=1825e7c7:2398:41)
    at async Object.moverCarta (http://localhost:5173/src/servicos/apiJogo.ts?t=1776812130959:28:22)
    at async executarMovimento (http://localhost:5173/src/components/painelJogo/MesaJogo.tsx?t=1776814009346:32:22) @ http://localhost:5173/src/components/painelJogo/MesaJogo.tsx?t=1776814009346:47
[ 2420948ms] [ERROR] Failed to load resource: net::ERR_FAILED @ http://localhost:8000/api/jogo/789613c4-518a-4185-8590-72c19fe7931c/mover:0
[ 2422584ms] [WARNING] Jogada inválida: A carta deve ser exatamente 1 número menor que a última. @ http://localhost:5173/src/components/painelJogo/MesaJogo.tsx?t=1776814009346:43
[ 2422585ms] [LOG] Streak: erro Sequência quebrada. Tente novamente. @ http://localhost:5173/src/App.tsx?t=1776814525461:63
[ 2594013ms] [INFO] %cDownload the React DevTools for a better development experience: https://react.dev/link/react-devtools font-weight:bold @ http://localhost:5173/node_modules/.vite/deps/react-dom_client.js?v=12520bd2:20102
[ 2623397ms] [INFO] %cDownload the React DevTools for a better development experience: https://react.dev/link/react-devtools font-weight:bold @ http://localhost:5173/node_modules/.vite/deps/react-dom_client.js?v=12520bd2:20102
[ 2634528ms] [ERROR] Access to XMLHttpRequest at 'http://localhost:8000/api/jogo/5cb0a868-dc68-478b-8ca2-19fe91802987/mover' from origin 'http://localhost:5173' has been blocked by CORS policy: No 'Access-Control-Allow-Origin' header is present on the requested resource. @ http://localhost:5173/:0
[ 2634529ms] [ERROR] AxiosError: Network Error
    at XMLHttpRequest.handleError (http://localhost:5173/node_modules/.vite/deps/axios.js?v=1825e7c7:1777:19)
    at Axios.request (http://localhost:5173/node_modules/.vite/deps/axios.js?v=1825e7c7:2398:41)
    at async Object.moverCarta (http://localhost:5173/src/servicos/apiJogo.ts?t=1776812130959:28:22)
    at async executarMovimento (http://localhost:5173/src/components/painelJogo/MesaJogo.tsx?t=1776814009346:32:22) @ http://localhost:5173/src/components/painelJogo/MesaJogo.tsx?t=1776814009346:47
[ 2634529ms] [ERROR] Failed to load resource: net::ERR_FAILED @ http://localhost:8000/api/jogo/5cb0a868-dc68-478b-8ca2-19fe91802987/mover:0
[ 2715977ms] [INFO] %cDownload the React DevTools for a better development experience: https://react.dev/link/react-devtools font-weight:bold @ http://127.0.0.1:5173/node_modules/.vite/deps/react-dom_client.js?v=12520bd2:20102
[ 2727702ms] [ERROR] Access to XMLHttpRequest at 'http://localhost:8000/api/jogo/80f876dd-ce00-47d3-b921-c887b08540cd/mover' from origin 'http://127.0.0.1:5173' has been blocked by CORS policy: No 'Access-Control-Allow-Origin' header is present on the requested resource. @ http://127.0.0.1:5173/:0
[ 2727703ms] [ERROR] AxiosError: Network Error
    at XMLHttpRequest.handleError (http://127.0.0.1:5173/node_modules/.vite/deps/axios.js?v=1825e7c7:1777:19)
    at Axios.request (http://127.0.0.1:5173/node_modules/.vite/deps/axios.js?v=1825e7c7:2398:41)
    at async Object.moverCarta (http://127.0.0.1:5173/src/servicos/apiJogo.ts?t=1776812130959:28:22)
    at async executarMovimento (http://127.0.0.1:5173/src/components/painelJogo/MesaJogo.tsx?t=1776814009346:32:22) @ http://127.0.0.1:5173/src/components/painelJogo/MesaJogo.tsx?t=1776814009346:47
[ 2727703ms] [ERROR] Failed to load resource: net::ERR_FAILED @ http://localhost:8000/api/jogo/80f876dd-ce00-47d3-b921-c887b08540cd/mover:0
